{
  "timestamp": "2025-12-13T14:33:03.507205",
  "total_tests": 5,
  "passed": 4,
  "failed": 1,
  "tests": [
    {
      "name": "Модуль loader",
      "status": "PASSED",
      "error": null,
      "duration": 1.069486
    },
    {
      "name": "Модуль engine",
      "status": "FAILED",
      "error": "AssertionError: Ожидалось 2 теста в списке, получено 3",
      "duration": 0.001997
    },
    {
      "name": "Модуль results",
      "status": "PASSED",
      "error": null,
      "duration": 0.013799
    },
    {
      "name": "Аргументы командной строки",
      "status": "PASSED",
      "error": null,
      "duration": 0.012968
    },
    {
      "name": "Интеграционный тест",
      "status": "PASSED",
      "error": null,
      "duration": 0.001088
    }
  ],
  "success_rate": 80.0
}